生成启动时间为 2018/4/6 15:06:08。
     1>项目“F:\Code\examples_of_opencv2\22_image_blending\22_image_blending\22_image_blending.vcxproj”在节点 2 上(build 个目标)。
     1>PrepareForBuild:
         正在创建目录“F:\Code\examples_of_opencv2\22_image_blending\Debug\”。
       InitializeBuildStatus:
         正在创建“Debug\22_image_blending.unsuccessfulbuild”，因为已指定“AlwaysCreate”。
       ClCompile:
         C:\Program Files (x86)\Microsoft Visual Studio 10.0\VC\bin\CL.exe /c /ZI /nologo /W3 /WX- /Od /Oy- /D _MBCS /Gm /EHsc /RTC1 /MDd /GS /fp:precise /Zc:wchar_t /Zc:forScope /Fo"Debug\\" /Fd"Debug\vc100.pdb" /Gd /TP /analyze- /errorReport:prompt main.cpp
         main.cpp
       Link:
         C:\Program Files (x86)\Microsoft Visual Studio 10.0\VC\bin\link.exe /ERRORREPORT:PROMPT /OUT:"F:\Code\examples_of_opencv2\22_image_blending\Debug\22_image_blending.exe" /NOLOGO opencv_calib3d2413d.lib opencv_contrib2413d.lib opencv_core2413d.lib opencv_features2d2413d.lib opencv_flann2413d.lib opencv_gpu2413d.lib opencv_highgui2413d.lib opencv_imgproc2413d.lib opencv_legacy2413d.lib opencv_ml2413d.lib opencv_nonfree2413d.lib opencv_objdetect2413d.lib opencv_ocl2413d.lib opencv_photo2413d.lib opencv_stitching2413d.lib opencv_superres2413d.lib opencv_ts2413d.lib opencv_video2413d.lib opencv_videostab2413d.lib kernel32.lib user32.lib gdi32.lib winspool.lib comdlg32.lib advapi32.lib shell32.lib ole32.lib oleaut32.lib uuid.lib odbc32.lib odbccp32.lib /MANIFEST /ManifestFile:"Debug\22_image_blending.exe.intermediate.manifest" /MANIFESTUAC:"level='asInvoker' uiAccess='false'" /DEBUG /PDB:"F:\Code\examples_of_opencv2\22_image_blending\Debug\22_image_blending.pdb" /TLBID:1 /DYNAMICBASE /NXCOMPAT /IMPLIB:"F:\Code\examples_of_opencv2\22_image_blending\Debug\22_image_blending.lib" /MACHINE:X86 Debug\main.obj
         22_image_blending.vcxproj -> F:\Code\examples_of_opencv2\22_image_blending\Debug\22_image_blending.exe
       Manifest:
         C:\Program Files (x86)\Microsoft SDKs\Windows\v7.0A\bin\mt.exe /nologo /verbose /outputresource:"F:\Code\examples_of_opencv2\22_image_blending\Debug\22_image_blending.exe;#1" /manifest Debug\22_image_blending.exe.intermediate.manifest
       FinalizeBuildStatus:
         正在删除文件“Debug\22_image_blending.unsuccessfulbuild”。
         正在对“Debug\22_image_blending.lastbuildstate”执行 Touch 任务。
     1>已完成生成项目“F:\Code\examples_of_opencv2\22_image_blending\22_image_blending\22_image_blending.vcxproj”(build 个目标)的操作。

生成成功。

已用时间 00:00:01.68
